d:\work\work\git\阪大マクロ\src\httpserver\httpconnect\nismacroframework\nismacro.net\nismacro.net.core\release\nismacro.net.core.pch
d:\work\work\git\阪大マクロ\src\httpserver\httpconnect\nismacroframework\nismacro.net\nismacro.net.core\release\vc141.pdb
d:\work\work\git\阪大マクロ\src\httpserver\httpconnect\nismacroframework\nismacro.net\nismacro.net.core\release\stdafx.obj
d:\work\work\git\阪大マクロ\src\httpserver\httpconnect\nismacroframework\nismacro.net\nismacro.net.core\release\nismacro.net.core.obj
d:\work\work\git\阪大マクロ\src\httpserver\httpconnect\nismacroframework\nismacro.net\nismacro.net.core\release\assemblyinfo.obj
d:\work\work\git\阪大マクロ\src\httpserver\httpconnect\nismacroframework\nismacro.net\nismacro.net.core\release\.netframework,version=v4.5.2.assemblyattributes.obj
d:\work\work\git\阪大マクロ\src\httpserver\httpconnect\nismacroframework\nismacro.net\nismacro.net.core\release\.netframework,version=v4.5.2.assemblyattributes.asm
d:\work\work\git\阪大マクロ\src\httpserver\httpconnect\nismacroframework\nismacro.net\release\nismacro.net.core.dll
d:\work\work\git\阪大マクロ\src\httpserver\httpconnect\nismacroframework\nismacro.net\release\nismacro.net.core.pdb
d:\work\work\git\阪大マクロ\src\httpserver\httpconnect\nismacroframework\nismacro.net\nismacro.net.core\release\nismacro.af344c25.tlog\metagen.write.1.tlog
d:\work\work\git\阪大マクロ\src\httpserver\httpconnect\nismacroframework\nismacro.net\release\nismacro.net.gui.dll
d:\work\work\git\阪大マクロ\src\httpserver\httpconnect\nismacroframework\nismacro.net\release\nismacro.net.interprocess.dll
d:\work\work\git\阪大マクロ\src\httpserver\httpconnect\nismacroframework\nismacro.net\release\nismacro.net.macro.dll
d:\work\work\git\阪大マクロ\src\httpserver\httpconnect\nismacroframework\nismacro.net\release\nismacro.net.setting.dll
d:\work\work\git\阪大マクロ\src\httpserver\httpconnect\nismacroframework\nismacro.net\release\nismacro.net.gui.pdb
d:\work\work\git\阪大マクロ\src\httpserver\httpconnect\nismacroframework\nismacro.net\release\nismacro.net.gui.dll.config
d:\work\work\git\阪大マクロ\src\httpserver\httpconnect\nismacroframework\nismacro.net\release\nismacro.net.interprocess.pdb
d:\work\work\git\阪大マクロ\src\httpserver\httpconnect\nismacroframework\nismacro.net\release\nismacro.net.macro.pdb
d:\work\work\git\阪大マクロ\src\httpserver\httpconnect\nismacroframework\nismacro.net\release\nismacro.net.macro.xml
d:\work\work\git\阪大マクロ\src\httpserver\httpconnect\nismacroframework\nismacro.net\release\nismacro.net.setting.pdb
d:\work\work\git\阪大マクロ\src\httpserver\httpconnect\nismacroframework\nismacro.net\release\nismacro.net.core.lib
d:\work\work\git\阪大マクロ\src\httpserver\httpconnect\nismacroframework\nismacro.net\release\nismacro.net.core.exp
d:\work\work\git\阪大マクロ\src\httpserver\httpconnect\nismacroframework\nismacro.net\nismacro.net.core\release\app.res
d:\work\work\git\阪大マクロ\src\httpserver\httpconnect\nismacroframework\nismacro.net\nismacro.net.core\release\nismacro.net.core.vcxprojassemblyreference.cache
d:\work\work\git\阪大マクロ\src\httpserver\httpconnect\nismacroframework\nismacro.net\nismacro.net.core\release\nismacro.af344c25.tlog\cl.command.1.tlog
d:\work\work\git\阪大マクロ\src\httpserver\httpconnect\nismacroframework\nismacro.net\nismacro.net.core\release\nismacro.af344c25.tlog\cl.read.1.tlog
d:\work\work\git\阪大マクロ\src\httpserver\httpconnect\nismacroframework\nismacro.net\nismacro.net.core\release\nismacro.af344c25.tlog\cl.write.1.tlog
d:\work\work\git\阪大マクロ\src\httpserver\httpconnect\nismacroframework\nismacro.net\nismacro.net.core\release\nismacro.af344c25.tlog\link.command.1.tlog
d:\work\work\git\阪大マクロ\src\httpserver\httpconnect\nismacroframework\nismacro.net\nismacro.net.core\release\nismacro.af344c25.tlog\link.read.1.tlog
d:\work\work\git\阪大マクロ\src\httpserver\httpconnect\nismacroframework\nismacro.net\nismacro.net.core\release\nismacro.af344c25.tlog\link.write.1.tlog
d:\work\work\git\阪大マクロ\src\httpserver\httpconnect\nismacroframework\nismacro.net\nismacro.net.core\release\nismacro.af344c25.tlog\metagen.read.1.tlog
d:\work\work\git\阪大マクロ\src\httpserver\httpconnect\nismacroframework\nismacro.net\nismacro.net.core\release\nismacro.af344c25.tlog\nismacro.net.core.write.1u.tlog
d:\work\work\git\阪大マクロ\src\httpserver\httpconnect\nismacroframework\nismacro.net\nismacro.net.core\release\nismacro.af344c25.tlog\rc.command.1.tlog
d:\work\work\git\阪大マクロ\src\httpserver\httpconnect\nismacroframework\nismacro.net\nismacro.net.core\release\nismacro.af344c25.tlog\rc.read.1.tlog
d:\work\work\git\阪大マクロ\src\httpserver\httpconnect\nismacroframework\nismacro.net\nismacro.net.core\release\nismacro.af344c25.tlog\rc.write.1.tlog
d:\work\work\git\阪大マクロ\src\httpserver\httpconnect\nismacroframework\nismacro.net\nismacro.net.core\release\nismacro.af344c25.tlog\nismacro.net.gui.dll.metagen
d:\work\work\git\阪大マクロ\src\httpserver\httpconnect\nismacroframework\nismacro.net\nismacro.net.core\release\nismacro.af344c25.tlog\nismacro.net.interprocess.dll.metagen
d:\work\work\git\阪大マクロ\src\httpserver\httpconnect\nismacroframework\nismacro.net\nismacro.net.core\release\nismacro.af344c25.tlog\nismacro.net.macro.dll.metagen
d:\work\work\git\阪大マクロ\src\httpserver\httpconnect\nismacroframework\nismacro.net\nismacro.net.core\release\nismacro.af344c25.tlog\nismacro.net.setting.dll.metagen
